2024-09-25 09:33:43 DEBUG - Got browser profile options from settings file: 
{disable-popup-blocking=true, profile.default_content_settings.popups=0, download.prompt_for_download=false, intl.accept_languages=en, safebrowsing.enabled=true, download.default_directory=./downloads}
2024-09-25 09:33:43 DEBUG - Got browser logging preferences from settings file: 
{Performance=All}
2024-09-25 09:33:48 DEBUG - Set '15' timeout in seconds for loading of pages
2024-09-25 09:33:48 DEBUG - Set async javascript execution timeout '10' in seconds
2024-09-25 09:33:48 INFO  - Browser 'CHROME' ready...
2024-09-25 09:33:48 INFO  - Maximizing browser window
2024-09-25 09:33:48 INFO  - Navigate to url - 'https://www.accuweather.com/'
2024-09-25 09:33:53 DEBUG - Elements were found by locator 'By.className: results-container' but not in desired state DISPLAYED
2024-09-25 09:33:53 DEBUG - Elements were found by locator 'By.className: results-container' but not in desired state DISPLAYED
2024-09-25 09:33:53 INFO  - Label 'Main Page' :: Waiting for element to be displayed
2024-09-25 09:34:23 DEBUG - No elements with locator 'By.xpath: //div[contains(@class, 'main-page')]' were found in DISPLAYED state
2024-09-25 09:34:23 INFO  - Label 'Main Page' :: Element has not become displayed after timeout
2024-09-25 09:34:23 DEBUG - Elements were found by locator 'By.className: results-container' but not in desired state DISPLAYED
2024-09-25 09:34:23 DEBUG - Elements were found by locator 'By.className: results-container' but not in desired state DISPLAYED
2024-09-25 09:34:23 INFO  - Text Field 'Search Input' :: Clicking
2024-09-25 09:34:24 DEBUG - Elements were found by locator 'By.className: results-container' but not in desired state DISPLAYED
2024-09-25 09:34:24 DEBUG - Elements were found by locator 'By.className: results-container' but not in desired state DISPLAYED
2024-09-25 09:34:24 INFO  - Text Field 'Search Input' :: Clearing
2024-09-25 09:34:24 INFO  - Text Field 'Search Input' :: Typing 'New York'
2024-09-25 09:34:24 DEBUG - Elements were found by locator 'By.className: results-container' but not in desired state DISPLAYED
2024-09-25 09:34:24 DEBUG - Elements were found by locator 'By.className: results-container' but not in desired state DISPLAYED
2024-09-25 09:34:24 DEBUG - Elements were found by locator 'By.className: results-container' but not in desired state DISPLAYED
2024-09-25 09:34:24 DEBUG - Elements were found by locator 'By.className: results-container' but not in desired state DISPLAYED
2024-09-25 09:34:24 INFO  - Button 'First Suggestion' :: Clicking
2024-09-25 09:34:25 INFO  - Label 'City Header' :: Getting text from element
2024-09-25 09:34:28 INFO  - Label 'City Header' :: Element's text: [New York City, NY]
2024-09-25 09:34:28 INFO  - Closing browser
2024-09-25 10:05:24 DEBUG - Got browser profile options from settings file: 
{disable-popup-blocking=true, profile.default_content_settings.popups=0, download.prompt_for_download=false, intl.accept_languages=en, safebrowsing.enabled=true, download.default_directory=./downloads}
2024-09-25 10:05:24 DEBUG - Got browser logging preferences from settings file: 
{Performance=All}
2024-09-25 10:05:31 DEBUG - Set '15' timeout in seconds for loading of pages
2024-09-25 10:05:31 DEBUG - Set async javascript execution timeout '10' in seconds
2024-09-25 10:05:31 INFO  - Browser 'CHROME' ready...
2024-09-25 10:05:31 INFO  - Maximizing browser window
2024-09-25 10:05:31 INFO  - Navigate to url - 'https://www.accuweather.com/'
2024-09-25 10:05:35 DEBUG - Elements were found by locator 'By.className: results-container' but not in desired state DISPLAYED
2024-09-25 10:05:35 DEBUG - Elements were found by locator 'By.className: results-container' but not in desired state DISPLAYED
2024-09-25 10:05:35 INFO  - Label 'Main Page' :: Waiting for element to be displayed
2024-09-25 10:06:05 DEBUG - No elements with locator 'By.xpath: //div[contains(@class, 'main-page')]' were found in DISPLAYED state
2024-09-25 10:06:05 INFO  - Label 'Main Page' :: Element has not become displayed after timeout
2024-09-25 10:06:05 DEBUG - Elements were found by locator 'By.className: results-container' but not in desired state DISPLAYED
2024-09-25 10:06:05 DEBUG - Elements were found by locator 'By.className: results-container' but not in desired state DISPLAYED
2024-09-25 10:06:05 INFO  - Text Field 'Search Input' :: Clicking
2024-09-25 10:06:06 DEBUG - Elements were found by locator 'By.className: results-container' but not in desired state DISPLAYED
2024-09-25 10:06:06 DEBUG - Elements were found by locator 'By.className: results-container' but not in desired state DISPLAYED
2024-09-25 10:06:06 INFO  - Text Field 'Search Input' :: Clearing
2024-09-25 10:06:06 INFO  - Text Field 'Search Input' :: Typing 'New York'
2024-09-25 10:06:06 DEBUG - Elements were found by locator 'By.className: results-container' but not in desired state DISPLAYED
2024-09-25 10:06:06 DEBUG - Elements were found by locator 'By.className: results-container' but not in desired state DISPLAYED
2024-09-25 10:06:06 DEBUG - Elements were found by locator 'By.className: results-container' but not in desired state DISPLAYED
2024-09-25 10:06:06 DEBUG - Elements were found by locator 'By.className: results-container' but not in desired state DISPLAYED
2024-09-25 10:06:06 INFO  - Button 'First Suggestion' :: Clicking
2024-09-25 10:06:07 INFO  - Label 'City Header' :: Getting text from element
2024-09-25 10:06:11 INFO  - Label 'City Header' :: Element's text: [New York City, NY]
2024-09-25 10:06:11 INFO  - Closing browser
2024-09-25 10:25:42 DEBUG - Got browser profile options from settings file: 
{disable-popup-blocking=true, profile.default_content_settings.popups=0, download.prompt_for_download=false, intl.accept_languages=en, safebrowsing.enabled=true, download.default_directory=./downloads}
2024-09-25 10:25:42 DEBUG - Got browser logging preferences from settings file: 
{Performance=All}
2024-09-25 10:25:49 DEBUG - Set '15' timeout in seconds for loading of pages
2024-09-25 10:25:49 DEBUG - Set async javascript execution timeout '10' in seconds
2024-09-25 10:25:49 INFO  - Browser 'CHROME' ready...
2024-09-25 10:25:49 INFO  - Maximizing browser window
2024-09-25 10:25:49 INFO  - Navigate to url - 'https://www.accuweather.com/'
2024-09-25 10:25:53 DEBUG - Elements were found by locator 'By.className: results-container' but not in desired state DISPLAYED
2024-09-25 10:25:53 DEBUG - Elements were found by locator 'By.className: results-container' but not in desired state DISPLAYED
2024-09-25 10:25:53 INFO  - Label 'Main Page' :: Waiting for element to be displayed
2024-09-25 10:26:23 DEBUG - No elements with locator 'By.xpath: //div[contains(@class, 'main-page')]' were found in DISPLAYED state
2024-09-25 10:26:23 INFO  - Label 'Main Page' :: Element has not become displayed after timeout
2024-09-25 10:26:23 DEBUG - Elements were found by locator 'By.className: results-container' but not in desired state DISPLAYED
2024-09-25 10:26:23 DEBUG - Elements were found by locator 'By.className: results-container' but not in desired state DISPLAYED
2024-09-25 10:26:23 INFO  - Text Field 'Search Input' :: Clicking
2024-09-25 10:26:24 DEBUG - Elements were found by locator 'By.className: results-container' but not in desired state DISPLAYED
2024-09-25 10:26:24 DEBUG - Elements were found by locator 'By.className: results-container' but not in desired state DISPLAYED
2024-09-25 10:26:24 INFO  - Text Field 'Search Input' :: Clearing
2024-09-25 10:26:24 INFO  - Text Field 'Search Input' :: Typing 'New York'
2024-09-25 10:26:24 DEBUG - Elements were found by locator 'By.className: results-container' but not in desired state DISPLAYED
2024-09-25 10:26:24 DEBUG - Elements were found by locator 'By.className: results-container' but not in desired state DISPLAYED
2024-09-25 10:26:24 DEBUG - Elements were found by locator 'By.className: results-container' but not in desired state DISPLAYED
2024-09-25 10:26:24 DEBUG - Elements were found by locator 'By.className: results-container' but not in desired state DISPLAYED
2024-09-25 10:26:24 INFO  - Button 'First Suggestion' :: Clicking
2024-09-25 10:26:25 INFO  - Label 'City Header' :: Getting text from element
2024-09-25 10:26:29 INFO  - Label 'City Header' :: Element's text: [New York City, NY]
2024-09-25 10:26:29 INFO  - Closing browser
2024-09-25 11:04:25 DEBUG - Got browser profile options from settings file: 
{disable-popup-blocking=true, profile.default_content_settings.popups=0, download.prompt_for_download=false, intl.accept_languages=en, safebrowsing.enabled=true, download.default_directory=./downloads}
2024-09-25 11:04:25 DEBUG - Got browser logging preferences from settings file: 
{Performance=All}
2024-09-25 11:04:31 DEBUG - Set '15' timeout in seconds for loading of pages
2024-09-25 11:04:31 DEBUG - Set async javascript execution timeout '10' in seconds
2024-09-25 11:04:31 INFO  - Browser 'CHROME' ready...
2024-09-25 11:04:31 INFO  - Maximizing browser window
2024-09-25 11:04:31 INFO  - Navigate to url - 'https://www.accuweather.com/'
2024-09-25 11:04:47 DEBUG - No elements with locator 'By.className: results-container' were found in DISPLAYED state
2024-09-25 11:04:48 DEBUG - Elements were found by locator 'By.className: results-container' but not in desired state DISPLAYED
2024-09-25 11:04:48 INFO  - Label 'Main Page' :: Waiting for element to be displayed
2024-09-25 11:05:18 DEBUG - No elements with locator 'By.xpath: //div[contains(@class, 'main-page')]' were found in DISPLAYED state
2024-09-25 11:05:18 INFO  - Label 'Main Page' :: Element has not become displayed after timeout
2024-09-25 11:05:18 DEBUG - Elements were found by locator 'By.className: results-container' but not in desired state DISPLAYED
2024-09-25 11:05:18 DEBUG - Elements were found by locator 'By.className: results-container' but not in desired state DISPLAYED
2024-09-25 11:05:18 INFO  - Text Field 'Search Input' :: Clicking
2024-09-25 11:05:18 DEBUG - Elements were found by locator 'By.className: results-container' but not in desired state DISPLAYED
2024-09-25 11:05:18 DEBUG - Elements were found by locator 'By.className: results-container' but not in desired state DISPLAYED
2024-09-25 11:05:18 INFO  - Text Field 'Search Input' :: Clearing
2024-09-25 11:05:18 INFO  - Text Field 'Search Input' :: Typing 'New York'
2024-09-25 11:05:18 DEBUG - Elements were found by locator 'By.className: results-container' but not in desired state DISPLAYED
2024-09-25 11:05:18 DEBUG - Elements were found by locator 'By.className: results-container' but not in desired state DISPLAYED
2024-09-25 11:05:18 DEBUG - Elements were found by locator 'By.className: results-container' but not in desired state DISPLAYED
2024-09-25 11:05:18 DEBUG - Elements were found by locator 'By.className: results-container' but not in desired state DISPLAYED
2024-09-25 11:05:18 INFO  - Button 'First Suggestion' :: Clicking
2024-09-25 11:05:20 INFO  - Label 'City Header' :: Getting text from element
2024-09-25 11:05:26 INFO  - Label 'City Header' :: Element's text: [New York City, NY]
2024-09-25 11:05:26 INFO  - Closing browser
2024-09-25 11:12:57 DEBUG - Got browser profile options from settings file: 
{disable-popup-blocking=true, profile.default_content_settings.popups=0, download.prompt_for_download=false, intl.accept_languages=en, safebrowsing.enabled=true, download.default_directory=./downloads}
2024-09-25 11:12:57 DEBUG - Got browser logging preferences from settings file: 
{Performance=All}
2024-09-25 11:14:25 DEBUG - Set '15' timeout in seconds for loading of pages
2024-09-25 11:14:25 DEBUG - Set async javascript execution timeout '10' in seconds
2024-09-25 11:14:25 INFO  - Browser 'CHROME' ready...
2024-09-25 11:14:25 INFO  - Maximizing browser window
2024-09-25 11:14:25 INFO  - Navigate to url - 'https://www.accuweather.com/'
2024-09-25 11:14:41 INFO  - Closing browser
2024-09-25 11:20:44 DEBUG - Got browser profile options from settings file: 
{disable-popup-blocking=true, profile.default_content_settings.popups=0, download.prompt_for_download=false, intl.accept_languages=en, safebrowsing.enabled=true, download.default_directory=./downloads}
2024-09-25 11:20:44 DEBUG - Got browser logging preferences from settings file: 
{Performance=All}
2024-09-25 11:20:51 DEBUG - Set '15' timeout in seconds for loading of pages
2024-09-25 11:20:51 DEBUG - Set async javascript execution timeout '10' in seconds
2024-09-25 11:20:51 INFO  - Browser 'CHROME' ready...
2024-09-25 11:20:51 INFO  - Maximizing browser window
2024-09-25 11:20:51 INFO  - Navigate to url - 'https://www.accuweather.com/'
2024-09-25 11:20:55 DEBUG - Elements were found by locator 'By.className: results-container' but not in desired state DISPLAYED
2024-09-25 11:20:55 DEBUG - Elements were found by locator 'By.className: results-container' but not in desired state DISPLAYED
2024-09-25 11:20:55 INFO  - Label 'Main Page' :: Waiting for element to be displayed
2024-09-25 11:21:25 DEBUG - No elements with locator 'By.xpath: //div[contains(@class, 'main-page')]' were found in DISPLAYED state
2024-09-25 11:21:25 INFO  - Label 'Main Page' :: Element has not become displayed after timeout
2024-09-25 11:21:25 DEBUG - Elements were found by locator 'By.className: results-container' but not in desired state DISPLAYED
2024-09-25 11:21:25 DEBUG - Elements were found by locator 'By.className: results-container' but not in desired state DISPLAYED
2024-09-25 11:21:25 INFO  - Text Field 'Search Input' :: Clicking
2024-09-25 11:21:26 DEBUG - Elements were found by locator 'By.className: results-container' but not in desired state DISPLAYED
2024-09-25 11:21:26 DEBUG - Elements were found by locator 'By.className: results-container' but not in desired state DISPLAYED
2024-09-25 11:21:26 INFO  - Text Field 'Search Input' :: Clearing
2024-09-25 11:21:26 INFO  - Text Field 'Search Input' :: Typing 'New York'
2024-09-25 11:21:26 DEBUG - Elements were found by locator 'By.className: results-container' but not in desired state DISPLAYED
2024-09-25 11:21:26 DEBUG - Elements were found by locator 'By.className: results-container' but not in desired state DISPLAYED
2024-09-25 11:21:26 DEBUG - Elements were found by locator 'By.className: results-container' but not in desired state DISPLAYED
2024-09-25 11:21:26 DEBUG - Elements were found by locator 'By.className: results-container' but not in desired state DISPLAYED
2024-09-25 11:21:26 INFO  - Button 'First Suggestion' :: Clicking
2024-09-25 11:21:27 INFO  - Label 'City Header' :: Getting text from element
2024-09-25 11:21:31 INFO  - Label 'City Header' :: Element's text: [New York City, NY]
2024-09-25 11:21:31 INFO  - Closing browser
